-------------------------------------------------------------------------------
Test set: Runner.TestRunner
-------------------------------------------------------------------------------
Tests run: 4, Failures: 0, Errors: 1, Skipped: 0, Time elapsed: 2.01 s <<< FAILURE! - in Runner.TestRunner
Check login with valid credentials(demo functionality test)  Time elapsed: 0.663 s  <<< ERROR!
java.lang.ArithmeticException: / by zero

