<?xml version="1.0" encoding="UTF-8"?>
<testsuite xmlns:xsi="http://www.w3.org/2001/XMLSchema-instance" xsi:noNamespaceSchemaLocation="https://maven.apache.org/surefire/maven-surefire-plugin/xsd/surefire-test-report.xsd" name="Runner.TestRunner" time="2.01" tests="4" errors="1" skipped="0" failures="0">
  <properties>
[...]
</properties>
  <testcase name="Check login with valid credentials" classname="demo functionality test" time="0.663">
    <error message="/ by zero" type="java.lang.ArithmeticException">java.lang.ArithmeticException: / by zero
</error>
  </testcase>
  <testcase name="Check login with invalid credentials" classname="demo functionality test" time="0.005"/>
  <testcase name="Check login with valid credentials" classname="login functionality test" time="0.013"/>
  <testcase name="Check login with invalid credentials" classname="login functionality test" time="0.007"/>
</testsuite>